[debug] [2022-03-29T16:10:55.423Z] ----------------------------------------------------------------------
[debug] [2022-03-29T16:10:55.426Z] Command:       C:\Program Files\nodejs\node.exe C:\Users\GYNNSHOURIKY\AppData\Roaming\npm\node_modules\firebase-tools\lib\bin\firebase.js init
[debug] [2022-03-29T16:10:55.427Z] CLI Version:   10.5.0
[debug] [2022-03-29T16:10:55.427Z] Platform:      win32
[debug] [2022-03-29T16:10:55.428Z] Node Version:  v17.5.0
[debug] [2022-03-29T16:10:55.430Z] Time:          Tue Mar 29 2022 18:10:55 GMT+0200 (heure d’été d’Europe centrale)
[debug] [2022-03-29T16:10:55.431Z] ----------------------------------------------------------------------
[debug] 
[debug] [2022-03-29T16:10:55.599Z] > command requires scopes: ["email","openid","https://www.googleapis.com/auth/cloudplatformprojects.readonly","https://www.googleapis.com/auth/firebase","https://www.googleapis.com/auth/cloud-platform"]
[debug] [2022-03-29T16:10:55.600Z] > authorizing via signed-in user (tcotidiane33@gmail.com)
[info] 
     ######## #### ########  ######## ########     ###     ######  ########
     ##        ##  ##     ## ##       ##     ##  ##   ##  ##       ##
     ######    ##  ########  ######   ########  #########  ######  ######
     ##        ##  ##    ##  ##       ##     ## ##     ##       ## ##
     ##       #### ##     ## ######## ########  ##     ##  ######  ########

You're about to initialize a Firebase project in this directory:

  C:\Users\GYNNSHOURIKY\Documents\_LAB\REACT-NEXT\project_management\manage

Before we get started, keep in mind:

  * You are initializing within an existing Firebase project directory

[info] 
=== Project Setup
[info] 
[info] First, let's associate this project directory with a Firebase project.
[info] You can create multiple project aliases by running firebase use --add, 
[info] but for now we'll just set up a default project.
[info] 
[debug] [2022-03-29T16:11:12.031Z] Using project from CLI flag: openproma
[debug] [2022-03-29T16:11:12.041Z] >>> [apiv2][query] GET https://firebase.googleapis.com/v1beta1/projects/openproma [none]
[debug] [2022-03-29T16:11:27.864Z] <<< [apiv2][status] GET https://firebase.googleapis.com/v1beta1/projects/openproma 200
[debug] [2022-03-29T16:11:27.864Z] <<< [apiv2][body] GET https://firebase.googleapis.com/v1beta1/projects/openproma {"projectId":"openproma","projectNumber":"1020914053628","displayName":"openproma","name":"projects/openproma","resources":{"hostingSite":"openproma","realtimeDatabaseInstance":"openproma-default-rtdb"},"state":"ACTIVE"}
[info] i  Using project openproma (openproma) 
[info] 
=== Hosting Setup
[info] 
[info] Your public directory is the folder (relative to your project directory) that
[info] will contain Hosting assets to be uploaded with firebase deploy. If you
[info] have a build process for your assets, use your build's output directory.
[info] 
[debug] [2022-03-29T16:11:41.984Z] >>> [apiv2][query] GET https://www.gstatic.com/firebasejs/releases.json [none]
[debug] [2022-03-29T16:11:42.784Z] <<< [apiv2][status] GET https://www.gstatic.com/firebasejs/releases.json 200
[debug] [2022-03-29T16:11:42.785Z] <<< [apiv2][body] GET https://www.gstatic.com/firebasejs/releases.json {"current":{"version":"9.6.10","browserURL":"https://www.gstatic.com/firebasejs/9.6.10/firebase.js","packageURL":"https://www.gstatic.com/firebasejs/9.6.10/firebase.tgz"},"live":{"version":"9.6","browserURL":"https://www.gstatic.com/firebasejs/live/9.6/firebase.js","packageURL":"https://www.gstatic.com/firebasejs/live/9.6/firebase.tgz"},"components":{"analytics":"https://www.gstatic.com/firebasejs/9.6.10/firebase-analytics.js","app":"https://www.gstatic.com/firebasejs/9.6.10/firebase-app.js","app-check":"https://www.gstatic.com/firebasejs/9.6.10/firebase-app-check.js","auth":"https://www.gstatic.com/firebasejs/9.6.10/firebase-auth.js","auth/cordova":"https://www.gstatic.com/firebasejs/9.6.10/firebase-auth/cordova.js","auth/react-native":"https://www.gstatic.com/firebasejs/9.6.10/firebase-auth/react-native.js","functions":"https://www.gstatic.com/firebasejs/9.6.10/firebase-functions.js","firestore":"https://www.gstatic.com/firebasejs/9.6.10/firebase-firestore.js","firestore/lite":"https://www.gstatic.com/firebasejs/9.6.10/firebase-firestore/lite.js","storage":"https://www.gstatic.com/firebasejs/9.6.10/firebase-storage.js","performance":"https://www.gstatic.com/firebasejs/9.6.10/firebase-performance.js","remote-config":"https://www.gstatic.com/firebasejs/9.6.10/firebase-remote-config.js","messaging":"https://www.gstatic.com/firebasejs/9.6.10/firebase-messaging.js","messaging/sw":"https://www.gstatic.com/firebasejs/9.6.10/firebase-messaging/sw.js","database":"https://www.gstatic.com/firebasejs/9.6.10/firebase-database.js","firestore.memory":"https://www.gstatic.com/firebasejs/9.6.10/firebase-firestore.memory.js"}}
[info] +  Wrote public/index.html 
[info] 
[info] i  Detected a .git folder at C:\Users\GYNNSHOURIKY\Documents\_LAB\REACT-NEXT\project_management 
[info] i  Authorizing with GitHub to upload your service account to a GitHub repository's secrets store. 
[info] 
[info] Visit this URL on this device to log in:
[info] https://github.com/login/oauth/authorize?client_id=89cf50f02ac6aaed3484&state=260964696&redirect_uri=http%3A%2F%2Flocalhost%3A9005&scope=read%3Auser%20repo%20public_repo
[info] 
[info] Waiting for authentication...
[debug] [2022-03-29T16:12:14.589Z] >>> HTTP REQUEST POST https://github.com/login/oauth/access_token  
 {"client_id":"89cf50f02ac6aaed3484","client_secret":"3330d14abc895d9a74d5f17cd7a00711fa2c5bf0","code":"e9e8af72af46174405a0","redirect_uri":"http://localhost:9005","state":"260964696"}
[debug] [2022-03-29T16:12:56.808Z] Error: connect ETIMEDOUT 140.82.121.4:443
    at TCPConnectWrap.afterConnect [as oncomplete] (node:net:1157:16)
[error] 
[error] Error: Server Error. connect ETIMEDOUT 140.82.121.4:443
